#
# There is insufficient memory for the Java Runtime Environment to continue.
# Native memory allocation (malloc) failed to allocate 318736 bytes for Chunk::new
# Possible reasons:
#   The system is out of physical RAM or swap space
#   The process is running with CompressedOops enabled, and the Java Heap may be blocking the growth of the native heap
# Possible solutions:
#   Reduce memory load on the system
#   Increase physical memory or swap space
#   Check if swap backing store is full
#   Decrease Java heap size (-Xmx/-Xms)
#   Decrease number of Java threads
#   Decrease Java thread stack sizes (-Xss)
#   Set larger code cache with -XX:ReservedCodeCacheSize=
#   JVM is running with Unscaled Compressed Oops mode in which the Java heap is
#     placed in the first 4GB address space. The Java Heap base address is the
#     maximum limit for the native heap growth. Please use -XX:HeapBaseMinAddress
#     to set the Java Heap base and to place the Java Heap above 4GB virtual address.
# This output file may be truncated or incomplete.
#
#  Out of Memory Error (allocation.cpp:389), pid=6756, tid=0x0000000000001fc8
#
# JRE version: OpenJDK Runtime Environment (8.0_242-b01) (build 1.8.0_242-release-1644-b01)
# Java VM: OpenJDK 64-Bit Server VM (25.242-b01 mixed mode windows-amd64 compressed oops)
# Failed to write core dump. Minidumps are not enabled by default on client versions of Windows
#

---------------  T H R E A D  ---------------

Current thread (0x00000000179fb800):  JavaThread "C2 CompilerThread1" daemon [_thread_in_native, id=8136, stack(0x00000000192f0000,0x00000000193f0000)]

Stack: [0x00000000192f0000,0x00000000193f0000]
[error occurred during error reporting (printing stack bounds), id 0xc0000005]

Native frames: (J=compiled Java code, j=interpreted, Vv=VM code, C=native code)


Current CompileTask:
C2:  94805 7413   !   4       java.net.URLClassLoader$1::run (63 bytes)


---------------  P R O C E S S  ---------------

Java Threads: ( => current thread )
  0x000000001d3df000 JavaThread "Cache worker for execution history cache (E:\2020\CoroutinesKot\.gradle\6.5\executionHistory)" [_thread_blocked, id=5252, stack(0x000000002ce40000,0x000000002cf40000)]
  0x000000001d3da000 JavaThread "Build operations Thread 4" [_thread_blocked, id=7576, stack(0x000000002b150000,0x000000002b250000)]
  0x000000001d3d9000 JavaThread "Build operations Thread 3" [_thread_blocked, id=7600, stack(0x0000000024950000,0x0000000024a50000)]
  0x000000001a744800 JavaThread "Build operations Thread 2" [_thread_blocked, id=4480, stack(0x0000000024850000,0x0000000024950000)]
  0x000000001aa21000 JavaThread "Build operations" [_thread_blocked, id=7328, stack(0x0000000024750000,0x0000000024850000)]
  0x000000001aa23800 JavaThread "Cache worker for Build Output Cleanup Cache (E:\2020\CoroutinesKot\.gradle\buildOutputCleanup)" [_thread_blocked, id=7172, stack(0x0000000024650000,0x0000000024750000)]
  0x000000001aa22000 JavaThread "Cache worker for cache directory md-rule (C:\Users\Ashish PC\.gradle\caches\6.5\md-rule)" [_thread_blocked, id=1776, stack(0x0000000023870000,0x0000000023970000)]
  0x000000001e32c000 JavaThread "Cache worker for cache directory md-supplier (C:\Users\Ashish PC\.gradle\caches\6.5\md-supplier)" [_thread_blocked, id=5928, stack(0x0000000022f70000,0x0000000023070000)]
  0x000000001e32e000 JavaThread "Cache worker for checksums cache (E:\2020\CoroutinesKot\.gradle\checksums)" [_thread_blocked, id=404, stack(0x0000000022e70000,0x0000000022f70000)]
  0x000000001e329000 JavaThread "Cache worker for file hash cache (E:\2020\CoroutinesKot\.gradle\6.5\fileHashes)" [_thread_blocked, id=6360, stack(0x0000000022d70000,0x0000000022e70000)]
  0x000000001e327800 JavaThread "Thread-141" [_thread_blocked, id=5360, stack(0x0000000020670000,0x0000000020770000)]
  0x000000001e328000 JavaThread "Stdin handler" [_thread_blocked, id=6404, stack(0x000000001c600000,0x000000001c700000)]
  0x000000001faae800 JavaThread "Asynchronous log dispatcher for DefaultDaemonConnection: socket connection from /127.0.0.1:57002 to /127.0.0.1:57014" [_thread_blocked, id=6840, stack(0x000000001c500000,0x000000001c600000)]
  0x000000001faad800 JavaThread "Cancel handler" [_thread_blocked, id=904, stack(0x000000001c400000,0x000000001c500000)]
  0x000000001faad000 JavaThread "Handler for socket connection from /127.0.0.1:57002 to /127.0.0.1:57014" [_thread_in_native, id=5388, stack(0x000000001b910000,0x000000001ba10000)]
  0x000000001faa9000 JavaThread "jar transforms Thread 114" [_thread_blocked, id=8180, stack(0x000000002a250000,0x000000002a350000)]
  0x000000001faab000 JavaThread "jar transforms Thread 113" [_thread_blocked, id=8004, stack(0x000000002a150000,0x000000002a250000)]
  0x000000001faac000 JavaThread "jar transforms Thread 112" [_thread_blocked, id=5988, stack(0x000000002a050000,0x000000002a150000)]
  0x000000001faa8000 JavaThread "jar transforms Thread 111" [_thread_blocked, id=8100, stack(0x0000000029f50000,0x000000002a050000)]
  0x000000001faaa800 JavaThread "jar transforms Thread 110" [_thread_blocked, id=4428, stack(0x0000000029e50000,0x0000000029f50000)]
  0x000000001faa9800 JavaThread "jar transforms Thread 109" [_thread_blocked, id=2928, stack(0x0000000029d50000,0x0000000029e50000)]
  0x000000001faa7800 JavaThread "jar transforms Thread 108" [_thread_blocked, id=5168, stack(0x0000000029c50000,0x0000000029d50000)]
  0x000000001faa5000 JavaThread "jar transforms Thread 107" [_thread_blocked, id=7684, stack(0x0000000029b50000,0x0000000029c50000)]
  0x000000001faa4800 JavaThread "jar transforms Thread 106" [_thread_blocked, id=8176, stack(0x0000000029a50000,0x0000000029b50000)]
  0x000000001faa6800 JavaThread "jar transforms Thread 105" [_thread_blocked, id=2096, stack(0x0000000029950000,0x0000000029a50000)]
  0x000000001faa6000 JavaThread "jar transforms Thread 104" [_thread_blocked, id=7540, stack(0x0000000029850000,0x0000000029950000)]
  0x000000001faa1800 JavaThread "jar transforms Thread 103" [_thread_blocked, id=3796, stack(0x0000000029750000,0x0000000029850000)]
  0x000000001faa3000 JavaThread "jar transforms Thread 102" [_thread_blocked, id=4000, stack(0x0000000029650000,0x0000000029750000)]
  0x000000001faa3800 JavaThread "jar transforms Thread 101" [_thread_blocked, id=6576, stack(0x0000000029550000,0x0000000029650000)]
  0x000000001faa0800 JavaThread "jar transforms Thread 100" [_thread_blocked, id=6292, stack(0x0000000029450000,0x0000000029550000)]
  0x000000001faa2000 JavaThread "jar transforms Thread 99" [_thread_blocked, id=2704, stack(0x0000000029350000,0x0000000029450000)]
  0x000000001faa0000 JavaThread "jar transforms Thread 98" [_thread_blocked, id=7040, stack(0x0000000029250000,0x0000000029350000)]
  0x000000001fa9f000 JavaThread "jar transforms Thread 97" [_thread_blocked, id=7232, stack(0x0000000029150000,0x0000000029250000)]
  0x000000001cd56800 JavaThread "jar transforms Thread 96" [_thread_blocked, id=7384, stack(0x0000000029050000,0x0000000029150000)]
  0x000000001cd55000 JavaThread "jar transforms Thread 95" [_thread_blocked, id=7832, stack(0x0000000028f50000,0x0000000029050000)]
  0x000000001cd57000 JavaThread "jar transforms Thread 94" [_thread_blocked, id=7012, stack(0x0000000028e50000,0x0000000028f50000)]
  0x000000001cd55800 JavaThread "jar transforms Thread 93" [_thread_blocked, id=2576, stack(0x0000000028d50000,0x0000000028e50000)]
  0x000000001cd51000 JavaThread "jar transforms Thread 92" [_thread_blocked, id=824, stack(0x0000000028c50000,0x0000000028d50000)]
  0x000000001cd54000 JavaThread "jar transforms Thread 91" [_thread_blocked, id=6884, stack(0x0000000028b50000,0x0000000028c50000)]
  0x000000001cd53800 JavaThread "jar transforms Thread 90" [_thread_blocked, id=4532, stack(0x0000000028a50000,0x0000000028b50000)]
  0x000000001cd50800 JavaThread "jar transforms Thread 89" [_thread_blocked, id=7452, stack(0x0000000028950000,0x0000000028a50000)]
  0x000000001cd4f800 JavaThread "jar transforms Thread 88" [_thread_blocked, id=7500, stack(0x0000000028850000,0x0000000028950000)]
  0x000000001cd52000 JavaThread "jar transforms Thread 87" [_thread_blocked, id=4216, stack(0x0000000028750000,0x0000000028850000)]
  0x000000001cd52800 JavaThread "jar transforms Thread 86" [_thread_blocked, id=6876, stack(0x0000000028650000,0x0000000028750000)]
  0x000000001cd4d800 JavaThread "jar transforms Thread 85" [_thread_blocked, id=6700, stack(0x0000000028550000,0x0000000028650000)]
  0x000000001cd4c800 JavaThread "jar transforms Thread 84" [_thread_blocked, id=7708, stack(0x0000000028450000,0x0000000028550000)]
  0x000000001cd4f000 JavaThread "jar transforms Thread 83" [_thread_blocked, id=6608, stack(0x0000000028350000,0x0000000028450000)]
  0x000000001cd4e000 JavaThread "jar transforms Thread 82" [_thread_blocked, id=5476, stack(0x0000000028250000,0x0000000028350000)]
  0x000000001cd48800 JavaThread "jar transforms Thread 81" [_thread_blocked, id=5844, stack(0x0000000028150000,0x0000000028250000)]
  0x000000001cd4c000 JavaThread "jar transforms Thread 80" [_thread_blocked, id=7140, stack(0x0000000028050000,0x0000000028150000)]
  0x000000001cd48000 JavaThread "jar transforms Thread 79" [_thread_blocked, id=1772, stack(0x0000000027f50000,0x0000000028050000)]
  0x000000001cd4b000 JavaThread "jar transforms Thread 78" [_thread_blocked, id=4900, stack(0x0000000027e50000,0x0000000027f50000)]
  0x000000001cd4a000 JavaThread "jar transforms Thread 77" [_thread_blocked, id=7820, stack(0x0000000027d50000,0x0000000027e50000)]
  0x000000001cd49800 JavaThread "jar transforms Thread 76" [_thread_blocked, id=7872, stack(0x0000000027c50000,0x0000000027d50000)]
  0x00000000216ff800 JavaThread "jar transforms Thread 75" [_thread_blocked, id=2068, stack(0x0000000027b50000,0x0000000027c50000)]
  0x00000000216fe000 JavaThread "jar transforms Thread 74" [_thread_blocked, id=1388, stack(0x0000000027a50000,0x0000000027b50000)]
  0x0000000021701000 JavaThread "jar transforms Thread 73" [_thread_blocked, id=7996, stack(0x0000000027950000,0x0000000027a50000)]
  0x00000000216ff000 JavaThread "jar transforms Thread 72" [_thread_blocked, id=1532, stack(0x0000000027850000,0x0000000027950000)]
  0x00000000216fd800 JavaThread "jar transforms Thread 71" [_thread_blocked, id=7584, stack(0x0000000027750000,0x0000000027850000)]
  0x0000000021700800 JavaThread "jar transforms Thread 70" [_thread_blocked, id=3368, stack(0x0000000027650000,0x0000000027750000)]
  0x00000000216f9800 JavaThread "jar transforms Thread 69" [_thread_blocked, id=2320, stack(0x0000000027550000,0x0000000027650000)]
  0x00000000216fc800 JavaThread "jar transforms Thread 68" [_thread_blocked, id=2476, stack(0x0000000027450000,0x0000000027550000)]
  0x00000000216f9000 JavaThread "jar transforms Thread 67" [_thread_blocked, id=7468, stack(0x0000000027350000,0x0000000027450000)]
  0x00000000216fb000 JavaThread "jar transforms Thread 66" [_thread_blocked, id=1088, stack(0x0000000027250000,0x0000000027350000)]
  0x00000000216fc000 JavaThread "jar transforms Thread 65" [_thread_blocked, id=3340, stack(0x0000000027150000,0x0000000027250000)]
  0x00000000216fa800 JavaThread "jar transforms Thread 64" [_thread_blocked, id=7824, stack(0x0000000027050000,0x0000000027150000)]
  0x00000000216f8000 JavaThread "jar transforms Thread 63" [_thread_blocked, id=4208, stack(0x0000000026f50000,0x0000000027050000)]
  0x00000000216f7800 JavaThread "jar transforms Thread 62" [_thread_blocked, id=7916, stack(0x0000000026e50000,0x0000000026f50000)]
  0x00000000216f3800 JavaThread "jar transforms Thread 61" [_thread_blocked, id=7076, stack(0x0000000026d50000,0x0000000026e50000)]
  0x00000000216f6800 JavaThread "jar transforms Thread 60" [_thread_blocked, id=912, stack(0x0000000026c50000,0x0000000026d50000)]
  0x00000000216f6000 JavaThread "jar transforms Thread 59" [_thread_blocked, id=8032, stack(0x0000000026b50000,0x0000000026c50000)]
  0x00000000216f4800 JavaThread "jar transforms Thread 58" [_thread_blocked, id=7752, stack(0x0000000026a50000,0x0000000026b50000)]
  0x00000000216f3000 JavaThread "jar transforms Thread 57" [_thread_blocked, id=7088, stack(0x0000000026950000,0x0000000026a50000)]
  0x00000000216f2000 JavaThread "jar transforms Thread 56" [_thread_blocked, id=4620, stack(0x0000000026850000,0x0000000026950000)]
  0x00000000216f5000 JavaThread "jar transforms Thread 55" [_thread_blocked, id=7224, stack(0x0000000026750000,0x0000000026850000)]
  0x000000001ea5c800 JavaThread "jar transforms Thread 54" [_thread_blocked, id=7092, stack(0x0000000026650000,0x0000000026750000)]
  0x000000001ea5f800 JavaThread "jar transforms Thread 53" [_thread_blocked, id=5316, stack(0x0000000026550000,0x0000000026650000)]
  0x000000001ea5f000 JavaThread "jar transforms Thread 52" [_thread_blocked, id=4168, stack(0x0000000026450000,0x0000000026550000)]
  0x000000001ea5e000 JavaThread "jar transforms Thread 51" [_thread_blocked, id=6192, stack(0x0000000026350000,0x0000000026450000)]
  0x000000001ea5b000 JavaThread "jar transforms Thread 50" [_thread_blocked, id=7856, stack(0x0000000026250000,0x0000000026350000)]
  0x000000001ea5c000 JavaThread "jar transforms Thread 49" [_thread_blocked, id=8092, stack(0x0000000026150000,0x0000000026250000)]
  0x000000001ea5a800 JavaThread "jar transforms Thread 48" [_thread_blocked, id=7176, stack(0x0000000026050000,0x0000000026150000)]
  0x000000001ea5d800 JavaThread "jar transforms Thread 47" [_thread_blocked, id=7064, stack(0x0000000025f50000,0x0000000026050000)]
  0x000000001ea57000 JavaThread "jar transforms Thread 46" [_thread_blocked, id=4464, stack(0x0000000025e50000,0x0000000025f50000)]
  0x000000001ea59800 JavaThread "jar transforms Thread 45" [_thread_blocked, id=5444, stack(0x0000000025d50000,0x0000000025e50000)]
  0x000000001ea59000 JavaThread "jar transforms Thread 44" [_thread_blocked, id=5876, stack(0x0000000025c50000,0x0000000025d50000)]
  0x000000001ea55800 JavaThread "jar transforms Thread 43" [_thread_blocked, id=7236, stack(0x0000000025b50000,0x0000000025c50000)]
  0x000000001ea58000 JavaThread "jar transforms Thread 42" [_thread_blocked, id=6212, stack(0x0000000025a50000,0x0000000025b50000)]
  0x000000001ea54000 JavaThread "jar transforms Thread 41" [_thread_blocked, id=2572, stack(0x0000000025950000,0x0000000025a50000)]
  0x000000001ea56800 JavaThread "jar transforms Thread 40" [_thread_blocked, id=3912, stack(0x0000000025850000,0x0000000025950000)]
  0x000000001ea55000 JavaThread "jar transforms Thread 39" [_thread_blocked, id=3964, stack(0x0000000025750000,0x0000000025850000)]
  0x000000001ea50800 JavaThread "jar transforms Thread 38" [_thread_blocked, id=6800, stack(0x0000000025650000,0x0000000025750000)]
  0x000000001ea53800 JavaThread "jar transforms Thread 37" [_thread_blocked, id=6660, stack(0x0000000025550000,0x0000000025650000)]
  0x000000001ea51000 JavaThread "jar transforms Thread 36" [_thread_blocked, id=5816, stack(0x0000000025450000,0x0000000025550000)]
  0x000000001ea52800 JavaThread "jar transforms Thread 35" [_thread_blocked, id=2608, stack(0x0000000025350000,0x0000000025450000)]
  0x000000001ea52000 JavaThread "jar transforms Thread 34" [_thread_blocked, id=5652, stack(0x0000000025250000,0x0000000025350000)]
  0x000000001e332000 JavaThread "jar transforms Thread 33" [_thread_blocked, id=4952, stack(0x0000000025150000,0x0000000025250000)]
  0x000000001e331000 JavaThread "jar transforms Thread 32" [_thread_blocked, id=6812, stack(0x0000000025050000,0x0000000025150000)]
  0x000000001e330800 JavaThread "jar transforms Thread 31" [_thread_blocked, id=6680, stack(0x0000000024f50000,0x0000000025050000)]
  0x000000001e32c800 JavaThread "jar transforms Thread 30" [_thread_blocked, id=7668, stack(0x0000000024e50000,0x0000000024f50000)]
  0x000000001e32f800 JavaThread "jar transforms Thread 29" [_thread_blocked, id=7108, stack(0x0000000024d50000,0x0000000024e50000)]
  0x000000001e32f000 JavaThread "jar transforms Thread 28" [_thread_blocked, id=7900, stack(0x0000000024c50000,0x0000000024d50000)]
  0x000000001e32d800 JavaThread "jar transforms Thread 27" [_thread_blocked, id=2236, stack(0x0000000024b50000,0x0000000024c50000)]
  0x000000001e32b000 JavaThread "jar transforms Thread 26" [_thread_blocked, id=5188, stack(0x0000000024a50000,0x0000000024b50000)]
  0x000000001e324800 JavaThread "Cache worker for file content cache (C:\Users\Ashish PC\.gradle\caches\6.5\fileContent)" [_thread_blocked, id=6316, stack(0x0000000023770000,0x0000000023870000)]
  0x000000001e323800 JavaThread "Cache worker for execution history cache (C:\Users\Ashish PC\.gradle\caches\6.5\executionHistory)" [_thread_blocked, id=6180, stack(0x0000000023270000,0x0000000023370000)]
  0x000000001aa22800 JavaThread "jar transforms Thread 25" [_thread_blocked, id=4844, stack(0x0000000022a70000,0x0000000022b70000)]
  0x000000001aa1d800 JavaThread "jar transforms Thread 24" [_thread_blocked, id=4720, stack(0x0000000022970000,0x0000000022a70000)]
  0x000000001aa20800 JavaThread "jar transforms Thread 23" [_thread_blocked, id=7484, stack(0x0000000022870000,0x0000000022970000)]
  0x000000001aa1e000 JavaThread "jar transforms Thread 22" [_thread_blocked, id=1712, stack(0x0000000022770000,0x0000000022870000)]
  0x000000001aa1f800 JavaThread "jar transforms Thread 21" [_thread_blocked, id=4736, stack(0x0000000022670000,0x0000000022770000)]
  0x000000001aa1f000 JavaThread "jar transforms Thread 20" [_thread_blocked, id=7556, stack(0x0000000022570000,0x0000000022670000)]
  0x000000001aa1c800 JavaThread "jar transforms Thread 19" [_thread_blocked, id=7200, stack(0x0000000022470000,0x0000000022570000)]
  0x000000001aa18800 JavaThread "jar transforms Thread 18" [_thread_blocked, id=1212, stack(0x0000000022370000,0x0000000022470000)]
  0x000000001aa1c000 JavaThread "jar transforms Thread 17" [_thread_blocked, id=4672, stack(0x0000000022270000,0x0000000022370000)]
  0x000000001aa18000 JavaThread "jar transforms Thread 16" [_thread_blocked, id=2856, stack(0x0000000022170000,0x0000000022270000)]
  0x000000001aa1b000 JavaThread "jar transforms Thread 15" [_thread_blocked, id=7544, stack(0x0000000022070000,0x0000000022170000)]
  0x000000001aa19800 JavaThread "jar transforms Thread 14" [_thread_blocked, id=2672, stack(0x0000000021f70000,0x0000000022070000)]
  0x000000001aa1a000 JavaThread "jar transforms Thread 13" [_thread_blocked, id=6640, stack(0x0000000021e70000,0x0000000021f70000)]
  0x000000001aa15800 JavaThread "jar transforms Thread 12" [_thread_blocked, id=7276, stack(0x0000000021d70000,0x0000000021e70000)]
  0x000000001aa14000 JavaThread "jar transforms Thread 11" [_thread_blocked, id=6748, stack(0x0000000021c70000,0x0000000021d70000)]
  0x000000001aa15000 JavaThread "jar transforms Thread 10" [_thread_blocked, id=264, stack(0x0000000021b70000,0x0000000021c70000)]
  0x000000001aa17000 JavaThread "jar transforms Thread 9" [_thread_blocked, id=1792, stack(0x0000000021a70000,0x0000000021b70000)]
  0x000000001aa16800 JavaThread "jar transforms Thread 8" [_thread_blocked, id=1700, stack(0x0000000021970000,0x0000000021a70000)]
  0x000000001a748000 JavaThread "jar transforms Thread 7" [_thread_blocked, id=6112, stack(0x00000000207d0000,0x00000000208d0000)]
  0x000000001a746800 JavaThread "jar transforms Thread 6" [_thread_blocked, id=7148, stack(0x0000000020570000,0x0000000020670000)]
  0x000000001a747800 JavaThread "jar transforms Thread 5" [_thread_blocked, id=5012, stack(0x0000000020470000,0x0000000020570000)]
  0x000000001a746000 JavaThread "jar transforms Thread 4" [_thread_blocked, id=7724, stack(0x0000000020370000,0x0000000020470000)]
  0x000000001a745000 JavaThread "jar transforms Thread 3" [_thread_blocked, id=4660, stack(0x0000000020270000,0x0000000020370000)]
  0x000000001a743000 JavaThread "jar transforms Thread 2" [_thread_blocked, id=6804, stack(0x0000000020170000,0x0000000020270000)]
  0x000000001a741800 JavaThread "jar transforms" [_thread_blocked, id=1820, stack(0x0000000020070000,0x0000000020170000)]
  0x000000001a742000 JavaThread "Cache worker for file hash cache (C:\Users\Ashish PC\.gradle\caches\6.5\fileHashes)" [_thread_blocked, id=6208, stack(0x000000001dbd0000,0x000000001dcd0000)]
  0x000000001a743800 JavaThread "File lock request listener" [_thread_in_native, id=1528, stack(0x000000001dad0000,0x000000001dbd0000)]
  0x000000001a7ad000 JavaThread "Cache worker for journal cache (C:\Users\Ashish PC\.gradle\caches\journal-1)" [_thread_blocked, id=3608, stack(0x000000001d8d0000,0x000000001d9d0000)]
  0x00000000194c6000 JavaThread "Daemon worker" [_thread_in_native, id=5540, stack(0x000000001c300000,0x000000001c400000)]
  0x000000001b2b3800 JavaThread "Daemon" [_thread_blocked, id=6520, stack(0x000000001c000000,0x000000001c100000)]
  0x00000000194b8000 JavaThread "Daemon periodic checks" [_thread_blocked, id=8132, stack(0x000000001bd00000,0x000000001be00000)]
  0x000000001aa62800 JavaThread "Incoming local TCP Connector on port 57002" [_thread_in_native, id=6240, stack(0x000000001bb10000,0x000000001bc10000)]
  0x000000001ad2e800 JavaThread "Daemon health stats" [_thread_blocked, id=5356, stack(0x000000001b530000,0x000000001b630000)]
  0x0000000019400000 JavaThread "Service Thread" daemon [_thread_blocked, id=7784, stack(0x00000000198f0000,0x00000000199f0000)]
  0x00000000193fb000 JavaThread "C1 CompilerThread2" daemon [_thread_blocked, id=7672, stack(0x00000000197f0000,0x00000000198f0000)]
=>0x00000000179fb800 JavaThread "C2 CompilerThread1" daemon [_thread_in_native, id=8136, stack(0x00000000192f0000,0x00000000193f0000)]
  0x00000000179f5800 JavaThread "C2 CompilerThread0" daemon [_thread_in_native, id=1136, stack(0x00000000191f0000,0x00000000192f0000)]
  0x00000000179f3800 JavaThread "Attach Listener" daemon [_thread_blocked, id=1092, stack(0x00000000190f0000,0x00000000191f0000)]
  0x00000000179f2000 JavaThread "Signal Dispatcher" daemon [_thread_blocked, id=7512, stack(0x0000000018ff0000,0x00000000190f0000)]
  0x0000000002dcc000 JavaThread "Finalizer" daemon [_thread_blocked, id=8036, stack(0x0000000018c40000,0x0000000018d40000)]
  0x00000000179d9000 JavaThread "Reference Handler" daemon [_thread_blocked, id=4772, stack(0x0000000018b40000,0x0000000018c40000)]
  0x0000000002ccd800 JavaThread "main" [_thread_blocked, id=7212, stack(0x0000000002b30000,0x0000000002c30000)]

Other Threads:
  0x00000000179b7000 VMThread [stack: 0x0000000018a40000,0x0000000018b40000] [id=6868]
  0x0000000019401800 WatcherThread [stack: 0x00000000199f0000,0x0000000019af0000] [id=7624]

VM state:not at safepoint (normal execution)

VM Mutex/Monitor currently owned by a thread: None

heap address: 0x0000000080000000, size: 2048 MB, Compressed Oops mode: 32-bit
Narrow klass base: 0x0000000000000000, Narrow klass shift: 3
Compressed class space size: 1073741824 Address: 0x0000000100000000

Heap:
 PSYoungGen      total 194048K, used 97511K [0x00000000d5580000, 0x00000000e3900000, 0x0000000100000000)
  eden space 178688K, 45% used [0x00000000d5580000,0x00000000da5c2620,0x00000000e0400000)
  from space 15360K, 99% used [0x00000000e2a00000,0x00000000e38f7930,0x00000000e3900000)
  to   space 22016K, 0% used [0x00000000e0e00000,0x00000000e0e00000,0x00000000e2380000)
 ParOldGen       total 182784K, used 34847K [0x0000000080000000, 0x000000008b280000, 0x00000000d5580000)
  object space 182784K, 19% used [0x0000000080000000,0x0000000082207e78,0x000000008b280000)
 Metaspace       used 70731K, capacity 73822K, committed 73944K, reserved 1114112K
  class space    used 9254K, capacity 9933K, committed 9984K, reserved 1048576K

Card table byte_map: [0x0000000012190000,0x00000000125a0000] byte_map_base: 0x0000000011d90000

Marking Bits: (ParMarkBitMap*) 0x000000005dc4f030
 Begin Bits: [0x0000000012c50000, 0x0000000014c50000)
 End Bits:   [0x0000000014c50000, 0x0000000016c50000)

Polling page: 0x00000000011b0000

CodeCache: size=245760Kb used=22463Kb max_used=22463Kb free=223296Kb
 bounds [0x0000000002dd0000, 0x00000000043e0000, 0x0000000011dd0000]
 total_blobs=7392 nmethods=6582 adapters=721
 compilation: enabled

Compilation events (10 events):
Event: 94.685 Thread 0x00000000193fb000 7502       3       org.gradle.cache.internal.btree.ByteOutput::done (13 bytes)
Event: 94.685 Thread 0x00000000193fb000 nmethod 7502 0x00000000043d42d0 code [0x00000000043d4440, 0x00000000043d4768]
Event: 94.742 Thread 0x00000000193fb000 7503       3       org.gradle.internal.resolve.result.DefaultBuildableComponentResolveResult::<init> (5 bytes)
Event: 94.743 Thread 0x00000000193fb000 nmethod 7503 0x00000000043d4890 code [0x00000000043d4a60, 0x00000000043d5068]
Event: 94.744 Thread 0x00000000193fb000 7504       3       org.gradle.internal.component.external.model.NoOpDerivationStrategy::getInstance (4 bytes)
Event: 94.744 Thread 0x00000000193fb000 nmethod 7504 0x00000000043d54d0 code [0x00000000043d5620, 0x00000000043d5750]
Event: 94.744 Thread 0x00000000193fb000 7505       3       org.gradle.internal.serialize.kryo.KryoBackedDecoder::close (8 bytes)
Event: 94.745 Thread 0x00000000193fb000 nmethod 7505 0x00000000043d57d0 code [0x00000000043d5940, 0x00000000043d5c48]
Event: 94.745 Thread 0x00000000193fb000 7506       3       org.gradle.internal.resolve.result.DefaultBuildableComponentResolveResult::getMetadata (9 bytes)
Event: 94.746 Thread 0x00000000193fb000 nmethod 7506 0x00000000043d5d90 code [0x00000000043d5f20, 0x00000000043d6388]

GC Heap History (10 events):
Event: 31.448 GC heap before
{Heap before GC invocations=11 (full 2):
 PSYoungGen      total 138240K, used 124928K [0x00000000d5580000, 0x00000000dfc00000, 0x0000000100000000)
  eden space 124928K, 100% used [0x00000000d5580000,0x00000000dcf80000,0x00000000dcf80000)
  from space 13312K, 0% used [0x00000000ddd00000,0x00000000ddd00000,0x00000000dea00000)
  to   space 13824K, 0% used [0x00000000dcf80000,0x00000000dcf80000,0x00000000ddd00000)
 ParOldGen       total 121344K, used 16022K [0x0000000080000000, 0x0000000087680000, 0x00000000d5580000)
  object space 121344K, 13% used [0x0000000080000000,0x0000000080fa5ac0,0x0000000087680000)
 Metaspace       used 41456K, capacity 43294K, committed 43352K, reserved 1087488K
  class space    used 5602K, capacity 5997K, committed 6016K, reserved 1048576K
Event: 31.491 GC heap after
Heap after GC invocations=11 (full 2):
 PSYoungGen      total 138752K, used 12704K [0x00000000d5580000, 0x00000000e0b80000, 0x0000000100000000)
  eden space 124928K, 0% used [0x00000000d5580000,0x00000000d5580000,0x00000000dcf80000)
  from space 13824K, 91% used [0x00000000dcf80000,0x00000000ddbe82b0,0x00000000ddd00000)
  to   space 14848K, 0% used [0x00000000dfd00000,0x00000000dfd00000,0x00000000e0b80000)
 ParOldGen       total 121344K, used 16030K [0x0000000080000000, 0x0000000087680000, 0x00000000d5580000)
  object space 121344K, 13% used [0x0000000080000000,0x0000000080fa7ac0,0x0000000087680000)
 Metaspace       used 41456K, capacity 43294K, committed 43352K, reserved 1087488K
  class space    used 5602K, capacity 5997K, committed 6016K, reserved 1048576K
}
Event: 36.152 GC heap before
{Heap before GC invocations=12 (full 2):
 PSYoungGen      total 138752K, used 137632K [0x00000000d5580000, 0x00000000e0b80000, 0x0000000100000000)
  eden space 124928K, 100% used [0x00000000d5580000,0x00000000dcf80000,0x00000000dcf80000)
  from space 13824K, 91% used [0x00000000dcf80000,0x00000000ddbe82b0,0x00000000ddd00000)
  to   space 14848K, 0% used [0x00000000dfd00000,0x00000000dfd00000,0x00000000e0b80000)
 ParOldGen       total 121344K, used 16030K [0x0000000080000000, 0x0000000087680000, 0x00000000d5580000)
  object space 121344K, 13% used [0x0000000080000000,0x0000000080fa7ac0,0x0000000087680000)
 Metaspace       used 50371K, capacity 52448K, committed 52696K, reserved 1095680K
  class space    used 6676K, capacity 7144K, committed 7168K, reserved 1048576K
Event: 36.232 GC heap after
Heap after GC invocations=12 (full 2):
 PSYoungGen      total 167936K, used 14824K [0x00000000d5580000, 0x00000000e1380000, 0x0000000100000000)
  eden space 153088K, 0% used [0x00000000d5580000,0x00000000d5580000,0x00000000deb00000)
  from space 14848K, 99% used [0x00000000dfd00000,0x00000000e0b7a350,0x00000000e0b80000)
  to   space 18432K, 0% used [0x00000000deb00000,0x00000000deb00000,0x00000000dfd00000)
 ParOldGen       total 121344K, used 20235K [0x0000000080000000, 0x0000000087680000, 0x00000000d5580000)
  object space 121344K, 16% used [0x0000000080000000,0x00000000813c2fc8,0x0000000087680000)
 Metaspace       used 50371K, capacity 52448K, committed 52696K, reserved 1095680K
  class space    used 6676K, capacity 7144K, committed 7168K, reserved 1048576K
}
Event: 38.924 GC heap before
{Heap before GC invocations=13 (full 2):
 PSYoungGen      total 167936K, used 72525K [0x00000000d5580000, 0x00000000e1380000, 0x0000000100000000)
  eden space 153088K, 37% used [0x00000000d5580000,0x00000000d8dd9410,0x00000000deb00000)
  from space 14848K, 99% used [0x00000000dfd00000,0x00000000e0b7a350,0x00000000e0b80000)
  to   space 18432K, 0% used [0x00000000deb00000,0x00000000deb00000,0x00000000dfd00000)
 ParOldGen       total 121344K, used 20235K [0x0000000080000000, 0x0000000087680000, 0x00000000d5580000)
  object space 121344K, 16% used [0x0000000080000000,0x00000000813c2fc8,0x0000000087680000)
 Metaspace       used 56674K, capacity 58938K, committed 59028K, reserved 1099776K
  class space    used 7426K, capacity 7913K, committed 7936K, reserved 1048576K
Event: 38.990 GC heap after
Heap after GC invocations=13 (full 2):
 PSYoungGen      total 171520K, used 18427K [0x00000000d5580000, 0x00000000e3f00000, 0x0000000100000000)
  eden space 153088K, 0% used [0x00000000d5580000,0x00000000d5580000,0x00000000deb00000)
  from space 18432K, 99% used [0x00000000deb00000,0x00000000dfcfefc8,0x00000000dfd00000)
  to   space 21504K, 0% used [0x00000000e2a00000,0x00000000e2a00000,0x00000000e3f00000)
 ParOldGen       total 121344K, used 22288K [0x0000000080000000, 0x0000000087680000, 0x00000000d5580000)
  object space 121344K, 18% used [0x0000000080000000,0x00000000815c40a8,0x0000000087680000)
 Metaspace       used 56674K, capacity 58938K, committed 59028K, reserved 1099776K
  class space    used 7426K, capacity 7913K, committed 7936K, reserved 1048576K
}
Event: 38.990 GC heap before
{Heap before GC invocations=14 (full 3):
 PSYoungGen      total 171520K, used 18427K [0x00000000d5580000, 0x00000000e3f00000, 0x0000000100000000)
  eden space 153088K, 0% used [0x00000000d5580000,0x00000000d5580000,0x00000000deb00000)
  from space 18432K, 99% used [0x00000000deb00000,0x00000000dfcfefc8,0x00000000dfd00000)
  to   space 21504K, 0% used [0x00000000e2a00000,0x00000000e2a00000,0x00000000e3f00000)
 ParOldGen       total 121344K, used 22288K [0x0000000080000000, 0x0000000087680000, 0x00000000d5580000)
  object space 121344K, 18% used [0x0000000080000000,0x00000000815c40a8,0x0000000087680000)
 Metaspace       used 56674K, capacity 58938K, committed 59028K, reserved 1099776K
  class space    used 7426K, capacity 7913K, committed 7936K, reserved 1048576K
Event: 39.874 GC heap after
Heap after GC invocations=14 (full 3):
 PSYoungGen      total 171520K, used 0K [0x00000000d5580000, 0x00000000e3f00000, 0x0000000100000000)
  eden space 153088K, 0% used [0x00000000d5580000,0x00000000d5580000,0x00000000deb00000)
  from space 18432K, 0% used [0x00000000deb00000,0x00000000deb00000,0x00000000dfd00000)
  to   space 21504K, 0% used [0x00000000e2a00000,0x00000000e2a00000,0x00000000e3f00000)
 ParOldGen       total 182784K, used 34839K [0x0000000080000000, 0x000000008b280000, 0x00000000d5580000)
  object space 182784K, 19% used [0x0000000080000000,0x0000000082205e78,0x000000008b280000)
 Metaspace       used 56615K, capacity 58838K, committed 59028K, reserved 1099776K
  class space    used 7408K, capacity 7889K, committed 7936K, reserved 1048576K
}
Event: 91.628 GC heap before
{Heap before GC invocations=15 (full 3):
 PSYoungGen      total 171520K, used 153088K [0x00000000d5580000, 0x00000000e3f00000, 0x0000000100000000)
  eden space 153088K, 100% used [0x00000000d5580000,0x00000000deb00000,0x00000000deb00000)
  from space 18432K, 0% used [0x00000000deb00000,0x00000000deb00000,0x00000000dfd00000)
  to   space 21504K, 0% used [0x00000000e2a00000,0x00000000e2a00000,0x00000000e3f00000)
 ParOldGen       total 182784K, used 34839K [0x0000000080000000, 0x000000008b280000, 0x00000000d5580000)
  object space 182784K, 19% used [0x0000000080000000,0x0000000082205e78,0x000000008b280000)
 Metaspace       used 65699K, capacity 68658K, committed 68824K, reserved 1110016K
  class space    used 8494K, capacity 9173K, committed 9216K, reserved 1048576K
Event: 91.707 GC heap after
Heap after GC invocations=15 (full 3):
 PSYoungGen      total 194048K, used 15326K [0x00000000d5580000, 0x00000000e3900000, 0x0000000100000000)
  eden space 178688K, 0% used [0x00000000d5580000,0x00000000d5580000,0x00000000e0400000)
  from space 15360K, 99% used [0x00000000e2a00000,0x00000000e38f7930,0x00000000e3900000)
  to   space 22016K, 0% used [0x00000000e0e00000,0x00000000e0e00000,0x00000000e2380000)
 ParOldGen       total 182784K, used 34847K [0x0000000080000000, 0x000000008b280000, 0x00000000d5580000)
  object space 182784K, 19% used [0x0000000080000000,0x0000000082207e78,0x000000008b280000)
 Metaspace       used 65699K, capacity 68658K, committed 68824K, reserved 1110016K
  class space    used 8494K, capacity 9173K, committed 9216K, reserved 1048576K
}

Deoptimization events (10 events):
Event: 93.469 Thread 0x00000000194c6000 Uncommon trap: reason=unstable_if action=reinterpret pc=0x0000000003c0c42c method=sun.nio.fs.WindowsPathParser.isSlash(C)Z @ 9
Event: 93.469 Thread 0x00000000194c6000 Uncommon trap: reason=unstable_if action=reinterpret pc=0x0000000003123038 method=sun.nio.fs.WindowsPathParser.isSlash(C)Z @ 9
Event: 93.595 Thread 0x00000000194c6000 Uncommon trap: reason=speculate_class_check action=maybe_recompile pc=0x0000000003aa6238 method=com.google.common.collect.AbstractIndexedListIterator.next()Ljava/lang/Object; @ 27
Event: 93.596 Thread 0x00000000194c6000 Uncommon trap: reason=speculate_class_check action=maybe_recompile pc=0x0000000003aa6238 method=com.google.common.collect.AbstractIndexedListIterator.next()Ljava/lang/Object; @ 27
Event: 93.596 Thread 0x00000000194c6000 Uncommon trap: reason=speculate_class_check action=maybe_recompile pc=0x0000000003aa6238 method=com.google.common.collect.AbstractIndexedListIterator.next()Ljava/lang/Object; @ 27
Event: 93.597 Thread 0x00000000194c6000 Uncommon trap: reason=speculate_class_check action=maybe_recompile pc=0x0000000003aa6238 method=com.google.common.collect.AbstractIndexedListIterator.next()Ljava/lang/Object; @ 27
Event: 93.742 Thread 0x00000000194c6000 Uncommon trap: reason=class_check action=maybe_recompile pc=0x0000000002f6d654 method=java.util.Collections$SetFromMap.remove(Ljava/lang/Object;)Z @ 5
Event: 93.744 Thread 0x000000001d3da800 Uncommon trap: reason=unstable_if action=reinterpret pc=0x000000000374fd70 method=java.util.concurrent.SynchronousQueue$TransferStack.awaitFulfill(Ljava/util/concurrent/SynchronousQueue$TransferStack$SNode;ZJ)Ljava/util/concurrent/SynchronousQueue$Transfe
Event: 93.749 Thread 0x00000000194c6000 Uncommon trap: reason=class_check action=maybe_recompile pc=0x00000000031c54cc method=java.util.regex.Pattern$BnM.match(Ljava/util/regex/Matcher;ILjava/lang/CharSequence;)Z @ 111
Event: 94.464 Thread 0x00000000194c6000 Uncommon trap: reason=unstable_if action=reinterpret pc=0x00000000031f2594 method=com.esotericsoftware.kryo.io.Input.require(I)I @ 65

Classes redefined (0 events):
No events

Internal exceptions (10 events):
Event: 94.204 Thread 0x00000000194c6000 Exception <a 'java/lang/NoSuchMethodError': <clinit>> (0x00000000d92c9148) thrown at [C:\src\AOSP-openjdk-git\hotspot\src\share\vm\prims\jni.cpp, line 1615]
Event: 94.403 Thread 0x00000000194c6000 Exception <a 'java/lang/NoSuchMethodError': <clinit>> (0x00000000d9e5d210) thrown at [C:\src\AOSP-openjdk-git\hotspot\src\share\vm\prims\jni.cpp, line 1615]
Event: 94.409 Thread 0x00000000194c6000 Exception <a 'java/lang/ClassNotFoundException': org/jetbrains/plugins/gradle/tooling/util/SourceSetCachedFinder$1BeanInfo> (0x00000000d9eabd40) thrown at [C:\src\AOSP-openjdk-git\hotspot\src\share\vm\classfile\systemDictionary.cpp, line 210]
Event: 94.410 Thread 0x00000000194c6000 Exception <a 'java/lang/ClassNotFoundException': org/jetbrains/plugins/gradle/tooling/util/SourceSetCachedFinder$1Customizer> (0x00000000d9ec14e0) thrown at [C:\src\AOSP-openjdk-git\hotspot\src\share\vm\classfile\systemDictionary.cpp, line 210]
Event: 94.413 Thread 0x00000000194c6000 Exception <a 'java/lang/ClassNotFoundException': org/jetbrains/plugins/gradle/tooling/util/SourceSetCachedFinder$2BeanInfo> (0x00000000d9f08528) thrown at [C:\src\AOSP-openjdk-git\hotspot\src\share\vm\classfile\systemDictionary.cpp, line 210]
Event: 94.414 Thread 0x00000000194c6000 Exception <a 'java/lang/ClassNotFoundException': org/jetbrains/plugins/gradle/tooling/util/SourceSetCachedFinder$2Customizer> (0x00000000d9f1dcc8) thrown at [C:\src\AOSP-openjdk-git\hotspot\src\share\vm\classfile\systemDictionary.cpp, line 210]
Event: 94.416 Thread 0x00000000194c6000 Exception <a 'java/lang/ClassNotFoundException': org/jetbrains/plugins/gradle/tooling/util/SourceSetCachedFinderBeanInfo> (0x00000000d9f5f448) thrown at [C:\src\AOSP-openjdk-git\hotspot\src\share\vm\classfile\systemDictionary.cpp, line 210]
Event: 94.416 Thread 0x00000000194c6000 Exception <a 'java/lang/ClassNotFoundException': org/jetbrains/plugins/gradle/tooling/util/SourceSetCachedFinderCustomizer> (0x00000000d9f74150) thrown at [C:\src\AOSP-openjdk-git\hotspot\src\share\vm\classfile\systemDictionary.cpp, line 210]
Event: 94.420 Thread 0x00000000194c6000 Exception <a 'java/lang/ClassNotFoundException': org/jetbrains/plugins/gradle/tooling/util/SourceSetCachedFinder$ArtifactsMapBeanInfo> (0x00000000d9fb7358) thrown at [C:\src\AOSP-openjdk-git\hotspot\src\share\vm\classfile\systemDictionary.cpp, line 210]
Event: 94.421 Thread 0x00000000194c6000 Exception <a 'java/lang/ClassNotFoundException': org/jetbrains/plugins/gradle/tooling/util/SourceSetCachedFinder$ArtifactsMapCustomizer> (0x00000000d9fce5a8) thrown at [C:\src\AOSP-openjdk-git\hotspot\src\share\vm\classfile\systemDictionary.cpp, line 210]

Events (10 events):
Event: 94.519 loading class org/gradle/api/internal/artifacts/ivyservice/modulecache/artifacts/DefaultModuleArtifactsCache$ModuleArtifactsCacheEntrySerializer
Event: 94.519 loading class org/gradle/api/internal/artifacts/ivyservice/modulecache/artifacts/DefaultModuleArtifactsCache$ModuleArtifactsCacheEntrySerializer done
Event: 94.521 loading class org/gradle/api/internal/artifacts/metadata/ComponentArtifactMetadataSerializer
Event: 94.521 loading class org/gradle/api/internal/artifacts/metadata/ComponentArtifactMetadataSerializer done
Event: 94.524 loading class org/gradle/api/internal/artifacts/ivyservice/modulecache/artifacts/AbstractArtifactsCache$ModuleArtifactsCacheEntry
Event: 94.524 loading class org/gradle/api/internal/artifacts/ivyservice/modulecache/artifacts/AbstractArtifactsCache$ModuleArtifactsCacheEntry done
Event: 94.525 loading class org/gradle/api/internal/artifacts/ivyservice/modulecache/artifacts/DefaultCachedArtifacts
Event: 94.525 loading class org/gradle/api/internal/artifacts/ivyservice/modulecache/artifacts/DefaultCachedArtifacts done
Event: 94.757 Thread 0x00000000194c6000 DEOPT PACKING pc=0x00000000043ccba4 sp=0x000000001c3fa200
Event: 94.757 Thread 0x00000000194c6000 DEOPT UNPACKING pc=0x0000000002e175d0 sp=0x000000001c3fa0b8 mode 0


Dynamic libraries:
0x00007ff7622f0000 - 0x00007ff762321000 	C:\Program Files\Android\Android Studio\jre\bin\java.exe
0x00007ff885360000 - 0x00007ff88550d000 	C:\Windows\SYSTEM32\ntdll.dll
0x00007ff884750000 - 0x00007ff88488e000 	C:\Windows\system32\KERNEL32.DLL
0x00007ff8828d0000 - 0x00007ff8829e6000 	C:\Windows\system32\KERNELBASE.dll
0x00007ff8842d0000 - 0x00007ff88437a000 	C:\Windows\system32\ADVAPI32.dll
0x00007ff885040000 - 0x00007ff8851b7000 	C:\Windows\system32\USER32.dll
0x00007ff880450000 - 0x00007ff8806ca000 	C:\Windows\WinSxS\amd64_microsoft.windows.common-controls_6595b64144ccf1df_6.0.9600.17810_none_6240b9c7ecbd0bda\COMCTL32.dll
0x00007ff884ed0000 - 0x00007ff884f7a000 	C:\Windows\system32\msvcrt.dll
0x00007ff884f80000 - 0x00007ff884fd9000 	C:\Windows\SYSTEM32\sechost.dll
0x00007ff884bb0000 - 0x00007ff884cf0000 	C:\Windows\system32\RPCRT4.dll
0x00007ff884890000 - 0x00007ff8849dc000 	C:\Windows\system32\GDI32.dll
0x00007ff8827f0000 - 0x00007ff88281e000 	C:\Windows\system32\SspiCli.dll
0x00007ff884db0000 - 0x00007ff884de6000 	C:\Windows\system32\IMM32.DLL
0x00007ff882c40000 - 0x00007ff882d91000 	C:\Windows\system32\MSCTF.dll
0x000000005d2c0000 - 0x000000005d392000 	C:\Program Files\Android\Android Studio\jre\jre\bin\msvcr100.dll
0x000000005d480000 - 0x000000005dccb000 	C:\Program Files\Android\Android Studio\jre\jre\bin\server\jvm.dll
0x00007ff87fb20000 - 0x00007ff87fb29000 	C:\Windows\SYSTEM32\WSOCK32.dll
0x00007ff87faa0000 - 0x00007ff87fac2000 	C:\Windows\SYSTEM32\WINMM.dll
0x00007ff880110000 - 0x00007ff88011a000 	C:\Windows\SYSTEM32\VERSION.dll
0x00007ff884ec0000 - 0x00007ff884ec7000 	C:\Windows\system32\PSAPI.DLL
0x00007ff884380000 - 0x00007ff8843da000 	C:\Windows\system32\WS2_32.dll
0x00007ff87fa50000 - 0x00007ff87fa7a000 	C:\Windows\SYSTEM32\WINMMBASE.dll
0x00007ff884440000 - 0x00007ff884449000 	C:\Windows\system32\NSI.dll
0x00007ff8825c0000 - 0x00007ff88260f000 	C:\Windows\SYSTEM32\cfgmgr32.dll
0x00007ff8812d0000 - 0x00007ff8812f8000 	C:\Windows\SYSTEM32\DEVOBJ.dll
0x00007ff87ed20000 - 0x00007ff87ed2f000 	C:\Program Files\Android\Android Studio\jre\jre\bin\verify.dll
0x00007ff8742f0000 - 0x00007ff874319000 	C:\Program Files\Android\Android Studio\jre\jre\bin\java.dll
0x00007ff8772c0000 - 0x00007ff8772d6000 	C:\Program Files\Android\Android Studio\jre\jre\bin\zip.dll
0x00007ff882da0000 - 0x00007ff8842cb000 	C:\Windows\system32\SHELL32.dll
0x00007ff884470000 - 0x00007ff884680000 	C:\Windows\SYSTEM32\combase.dll
0x00007ff884fe0000 - 0x00007ff885034000 	C:\Windows\system32\SHLWAPI.dll
0x00007ff880a20000 - 0x00007ff880ad2000 	C:\Windows\SYSTEM32\SHCORE.dll
0x00007ff882490000 - 0x00007ff8824a5000 	C:\Windows\SYSTEM32\profapi.dll
0x00007ff871f50000 - 0x00007ff871f6a000 	C:\Program Files\Android\Android Studio\jre\jre\bin\net.dll
0x00007ff881d20000 - 0x00007ff881d79000 	C:\Windows\system32\mswsock.dll
0x00007ff870510000 - 0x00007ff870523000 	C:\Program Files\Android\Android Studio\jre\jre\bin\nio.dll
0x00007ff87ec60000 - 0x00007ff87ec87000 	C:\Users\Ashish PC\.gradle\native\f6784746aeab05261644944871eae4fe03e0ef1612fff0a4a95f87b438bc6780\windows-amd64\native-platform.dll
0x00007ff871fe0000 - 0x00007ff871fed000 	C:\Program Files\Android\Android Studio\jre\jre\bin\management.dll
0x00007ff881da0000 - 0x00007ff881dc0000 	C:\Windows\SYSTEM32\CRYPTSP.dll
0x00007ff8819a0000 - 0x00007ff8819d6000 	C:\Windows\system32\rsaenh.dll
0x00007ff882040000 - 0x00007ff882066000 	C:\Windows\SYSTEM32\bcrypt.dll
0x00007ff881ab0000 - 0x00007ff881ad1000 	C:\Windows\SYSTEM32\USERENV.dll
0x00007ff882360000 - 0x00007ff8823c3000 	C:\Windows\system32\bcryptprimitives.dll
0x00007ff8823d0000 - 0x00007ff8823db000 	C:\Windows\SYSTEM32\CRYPTBASE.dll
0x00007ff87c1c0000 - 0x00007ff87c1ea000 	C:\Windows\SYSTEM32\IPHLPAPI.DLL
0x00007ff87c150000 - 0x00007ff87c15a000 	C:\Windows\SYSTEM32\WINNSI.DLL
0x00007ff87be30000 - 0x00007ff87be46000 	C:\Windows\SYSTEM32\dhcpcsvc6.DLL
0x00007ff87be60000 - 0x00007ff87be7a000 	C:\Windows\SYSTEM32\dhcpcsvc.DLL

VM Arguments:
jvm_args: -Xmx2048m -Dfile.encoding=UTF-8 -Duser.country=US -Duser.language=en -Duser.variant 
java_command: org.gradle.launcher.daemon.bootstrap.GradleDaemon 6.5
java_class_path (initial): C:\Users\Ashish PC\.gradle\wrapper\dists\gradle-6.5-all\2oz4ud9k3tuxjg84bbf55q0tn\gradle-6.5\lib\gradle-launcher-6.5.jar
Launcher Type: SUN_STANDARD

Environment Variables:
PATH=E:\tc\android-sdk-windows\platform-tools;C:\ProgramData\Oracle\Java\javapath;C:\Windows\system32;C:\Windows;C:\Windows\System32\Wbem;C:\Windows\System32\WindowsPowerShell\v1.0\;C:\Program Files\PuTTY\;C:\Program Files\Git\cmd;C:\Program Files\Git\mingw64\bin;C:\Program Files\Git\usr\bin
USERNAME=Ashish PC
OS=Windows_NT
PROCESSOR_IDENTIFIER=Intel64 Family 6 Model 69 Stepping 1, GenuineIntel



---------------  S Y S T E M  ---------------

OS: Windows 8.1 , 64 bit Build 9600 (6.3.9600.17415)

CPU:total 4 (initial active 4) (2 cores per cpu, 2 threads per core) family 6 model 69 stepping 1, cmov, cx8, fxsr, mmx, sse, sse2, sse3, ssse3, sse4.1, sse4.2, popcnt, avx, avx2, aes, clmul, erms, lzcnt, ht, tsc, tscinvbit, bmi1, bmi2

Memory: 4k page, physical 12517676k(979568k free), swap 15663404k(5184k free)

vm_info: OpenJDK 64-Bit Server VM (25.242-b01) for windows-amd64 JRE (1.8.0_242-release-1644-b01), built by "builder" with MS VC++ 10.0 (VS2010)

time: Sat Jan 30 12:40:42 2021
timezone: India Standard Time
elapsed time: 94 seconds (0d 0h 1m 34s)

