#
# There is insufficient memory for the Java Runtime Environment to continue.
# Native memory allocation (malloc) failed to allocate 32744 bytes for ChunkPool::allocate
# Possible reasons:
#   The system is out of physical RAM or swap space
#   The process is running with CompressedOops enabled, and the Java Heap may be blocking the growth of the native heap
# Possible solutions:
#   Reduce memory load on the system
#   Increase physical memory or swap space
#   Check if swap backing store is full
#   Decrease Java heap size (-Xmx/-Xms)
#   Decrease number of Java threads
#   Decrease Java thread stack sizes (-Xss)
#   Set larger code cache with -XX:ReservedCodeCacheSize=
#   JVM is running with Unscaled Compressed Oops mode in which the Java heap is
#     placed in the first 4GB address space. The Java Heap base address is the
#     maximum limit for the native heap growth. Please use -XX:HeapBaseMinAddress
#     to set the Java Heap base and to place the Java Heap above 4GB virtual address.
# This output file may be truncated or incomplete.
#
#  Out of Memory Error (allocation.cpp:272), pid=5132, tid=0x0000000000001b24
#
# JRE version: OpenJDK Runtime Environment (8.0_242-b01) (build 1.8.0_242-release-1644-b01)
# Java VM: OpenJDK 64-Bit Server VM (25.242-b01 mixed mode windows-amd64 compressed oops)
# Failed to write core dump. Minidumps are not enabled by default on client versions of Windows
#

---------------  T H R E A D  ---------------

Current thread (0x0000000015105000):  JavaThread "C2 CompilerThread0" daemon [_thread_in_native, id=6948, stack(0x0000000016910000,0x0000000016a10000)]

Stack: [0x0000000016910000,0x0000000016a10000]
[error occurred during error reporting (printing stack bounds), id 0xc0000005]

Native frames: (J=compiled Java code, j=interpreted, Vv=VM code, C=native code)


Current CompileTask:
C2:   8517 1550       4       java.net.URLClassLoader$1::run (5 bytes)


---------------  P R O C E S S  ---------------

Java Threads: ( => current thread )
  0x0000000016cd8800 JavaThread "Cache worker for file hash cache (C:\Users\Ashish PC\.gradle\caches\6.5\fileHashes)" [_thread_blocked, id=5056, stack(0x000000001b280000,0x000000001b380000)]
  0x0000000016cd9800 JavaThread "File lock request listener" [_thread_in_native, id=1840, stack(0x000000001b180000,0x000000001b280000)]
  0x00000000176e8800 JavaThread "Cache worker for journal cache (C:\Users\Ashish PC\.gradle\caches\journal-1)" [_thread_blocked, id=5324, stack(0x000000001af80000,0x000000001b080000)]
  0x0000000016ce0800 JavaThread "Thread-9" [_thread_blocked, id=2184, stack(0x000000001ac80000,0x000000001ad80000)]
  0x0000000017e4e800 JavaThread "Stdin handler" [_thread_blocked, id=4976, stack(0x000000001ab80000,0x000000001ac80000)]
  0x0000000017e4b800 JavaThread "Asynchronous log dispatcher for DefaultDaemonConnection: socket connection from /127.0.0.1:59556 to /127.0.0.1:59557" [_thread_blocked, id=5596, stack(0x000000001aa80000,0x000000001ab80000)]
  0x0000000016ce3800 JavaThread "Daemon worker" [_thread_in_native, id=2144, stack(0x000000001a980000,0x000000001aa80000)]
  0x0000000016ce2800 JavaThread "Cancel handler" [_thread_blocked, id=6044, stack(0x000000001a880000,0x000000001a980000)]
  0x0000000016fa3000 JavaThread "Handler for socket connection from /127.0.0.1:59556 to /127.0.0.1:59557" [_thread_in_native, id=2340, stack(0x000000001a780000,0x000000001a880000)]
  0x0000000016d2c000 JavaThread "Daemon" [_thread_blocked, id=1404, stack(0x000000001a680000,0x000000001a780000)]
  0x0000000016c62800 JavaThread "Daemon periodic checks" [_thread_blocked, id=6132, stack(0x000000001a380000,0x000000001a480000)]
  0x0000000018a21800 JavaThread "Incoming local TCP Connector on port 59556" [_thread_in_native, id=7180, stack(0x000000001a190000,0x000000001a290000)]
  0x0000000018a39000 JavaThread "Daemon health stats" [_thread_blocked, id=580, stack(0x0000000019bb0000,0x0000000019cb0000)]
  0x0000000016c32000 JavaThread "Service Thread" daemon [_thread_blocked, id=5972, stack(0x0000000017010000,0x0000000017110000)]
  0x000000001512b800 JavaThread "C1 CompilerThread2" daemon [_thread_blocked, id=2896, stack(0x0000000016b10000,0x0000000016c10000)]
  0x000000001510b000 JavaThread "C2 CompilerThread1" daemon [_thread_in_native, id=3056, stack(0x0000000016a10000,0x0000000016b10000)]
=>0x0000000015105000 JavaThread "C2 CompilerThread0" daemon [_thread_in_native, id=6948, stack(0x0000000016910000,0x0000000016a10000)]
  0x0000000015103800 JavaThread "Attach Listener" daemon [_thread_blocked, id=5844, stack(0x0000000016810000,0x0000000016910000)]
  0x0000000015100000 JavaThread "Signal Dispatcher" daemon [_thread_blocked, id=6436, stack(0x0000000016710000,0x0000000016810000)]
  0x0000000002a2b000 JavaThread "Finalizer" daemon [_thread_blocked, id=3864, stack(0x0000000016360000,0x0000000016460000)]
  0x00000000150e9000 JavaThread "Reference Handler" daemon [_thread_blocked, id=4540, stack(0x0000000016260000,0x0000000016360000)]
  0x000000000109d800 JavaThread "main" [_thread_blocked, id=7128, stack(0x0000000002830000,0x0000000002930000)]

Other Threads:
  0x00000000150c7000 VMThread [stack: 0x0000000016160000,0x0000000016260000] [id=2420]
  0x0000000016c54000 WatcherThread [stack: 0x0000000017110000,0x0000000017210000] [id=4348]

VM state:not at safepoint (normal execution)

VM Mutex/Monitor currently owned by a thread: None

heap address: 0x00000000c0000000, size: 1024 MB, Compressed Oops mode: 32-bit
Narrow klass base: 0x0000000000000000, Narrow klass shift: 3
Compressed class space size: 1073741824 Address: 0x0000000100000000

Heap:
 PSYoungGen      total 57344K, used 29433K [0x00000000eab00000, 0x00000000f1b00000, 0x0000000100000000)
  eden space 49152K, 43% used [0x00000000eab00000,0x00000000ebfc1cf8,0x00000000edb00000)
  from space 8192K, 99% used [0x00000000edb00000,0x00000000ee2fc798,0x00000000ee300000)
  to   space 8192K, 0% used [0x00000000f1300000,0x00000000f1300000,0x00000000f1b00000)
 ParOldGen       total 131072K, used 904K [0x00000000c0000000, 0x00000000c8000000, 0x00000000eab00000)
  object space 131072K, 0% used [0x00000000c0000000,0x00000000c00e2230,0x00000000c8000000)
 Metaspace       used 17491K, capacity 18116K, committed 18304K, reserved 1064960K
  class space    used 2387K, capacity 2564K, committed 2688K, reserved 1048576K

Card table byte_map: [0x0000000011df0000,0x0000000012000000] byte_map_base: 0x00000000117f0000

Marking Bits: (ParMarkBitMap*) 0x000000005dcdf030
 Begin Bits: [0x0000000012560000, 0x0000000013560000)
 End Bits:   [0x0000000013560000, 0x0000000014560000)

Polling page: 0x0000000001070000

CodeCache: size=245760Kb used=5783Kb max_used=5783Kb free=239976Kb
 bounds [0x0000000002a30000, 0x0000000002fe0000, 0x0000000011a30000]
 total_blobs=2055 nmethods=1654 adapters=314
 compilation: enabled

Compilation events (10 events):
Event: 8.476 Thread 0x000000001512b800 1688       3       com.google.common.base.Splitter$1::iterator (7 bytes)
Event: 8.476 Thread 0x000000001512b800 nmethod 1688 0x0000000002fd5b50 code [0x0000000002fd5cc0, 0x0000000002fd6008]
Event: 8.476 Thread 0x000000001512b800 1689       3       com.google.common.base.Splitter$SplittingIterator::<init> (39 bytes)
Event: 8.477 Thread 0x000000001512b800 nmethod 1689 0x0000000002fd6190 code [0x0000000002fd6300, 0x0000000002fd65b0]
Event: 8.477 Thread 0x000000001512b800 1690       3       com.google.common.base.AbstractIterator::<init> (12 bytes)
Event: 8.478 Thread 0x000000001512b800 nmethod 1690 0x0000000002fd66d0 code [0x0000000002fd6840, 0x0000000002fd6a10]
Event: 8.478 Thread 0x000000001512b800 1692 %     3       com.google.common.io.LineBuffer::add @ 47 (204 bytes)
Event: 8.480 Thread 0x000000001512b800 nmethod 1692% 0x0000000002fd6ad0 code [0x0000000002fd6ce0, 0x0000000002fd77b8]
Event: 8.481 Thread 0x000000001512b800 1693       3       com.google.common.io.LineBuffer::add (204 bytes)
Event: 8.483 Thread 0x000000001512b800 nmethod 1693 0x0000000002fd7cd0 code [0x0000000002fd7ec0, 0x0000000002fd8818]

GC Heap History (6 events):
Event: 3.249 GC heap before
{Heap before GC invocations=1 (full 0):
 PSYoungGen      total 57344K, used 49152K [0x00000000eab00000, 0x00000000eeb00000, 0x0000000100000000)
  eden space 49152K, 100% used [0x00000000eab00000,0x00000000edb00000,0x00000000edb00000)
  from space 8192K, 0% used [0x00000000ee300000,0x00000000ee300000,0x00000000eeb00000)
  to   space 8192K, 0% used [0x00000000edb00000,0x00000000edb00000,0x00000000ee300000)
 ParOldGen       total 131072K, used 0K [0x00000000c0000000, 0x00000000c8000000, 0x00000000eab00000)
  object space 131072K, 0% used [0x00000000c0000000,0x00000000c0000000,0x00000000c8000000)
 Metaspace       used 7273K, capacity 7518K, committed 7680K, reserved 1056768K
  class space    used 890K, capacity 973K, committed 1024K, reserved 1048576K
Event: 3.271 GC heap after
Heap after GC invocations=1 (full 0):
 PSYoungGen      total 57344K, used 4652K [0x00000000eab00000, 0x00000000eeb00000, 0x0000000100000000)
  eden space 49152K, 0% used [0x00000000eab00000,0x00000000eab00000,0x00000000edb00000)
  from space 8192K, 56% used [0x00000000edb00000,0x00000000edf8b380,0x00000000ee300000)
  to   space 8192K, 0% used [0x00000000ee300000,0x00000000ee300000,0x00000000eeb00000)
 ParOldGen       total 131072K, used 16K [0x00000000c0000000, 0x00000000c8000000, 0x00000000eab00000)
  object space 131072K, 0% used [0x00000000c0000000,0x00000000c0004000,0x00000000c8000000)
 Metaspace       used 7273K, capacity 7518K, committed 7680K, reserved 1056768K
  class space    used 890K, capacity 973K, committed 1024K, reserved 1048576K
}
Event: 5.477 GC heap before
{Heap before GC invocations=2 (full 0):
 PSYoungGen      total 57344K, used 53804K [0x00000000eab00000, 0x00000000eeb00000, 0x0000000100000000)
  eden space 49152K, 100% used [0x00000000eab00000,0x00000000edb00000,0x00000000edb00000)
  from space 8192K, 56% used [0x00000000edb00000,0x00000000edf8b380,0x00000000ee300000)
  to   space 8192K, 0% used [0x00000000ee300000,0x00000000ee300000,0x00000000eeb00000)
 ParOldGen       total 131072K, used 16K [0x00000000c0000000, 0x00000000c8000000, 0x00000000eab00000)
  object space 131072K, 0% used [0x00000000c0000000,0x00000000c0004000,0x00000000c8000000)
 Metaspace       used 11088K, capacity 11364K, committed 11648K, reserved 1058816K
  class space    used 1461K, capacity 1574K, committed 1664K, reserved 1048576K
Event: 5.506 GC heap after
Heap after GC invocations=2 (full 0):
 PSYoungGen      total 57344K, used 6013K [0x00000000eab00000, 0x00000000eeb00000, 0x0000000100000000)
  eden space 49152K, 0% used [0x00000000eab00000,0x00000000eab00000,0x00000000edb00000)
  from space 8192K, 73% used [0x00000000ee300000,0x00000000ee8df7f0,0x00000000eeb00000)
  to   space 8192K, 0% used [0x00000000edb00000,0x00000000edb00000,0x00000000ee300000)
 ParOldGen       total 131072K, used 24K [0x00000000c0000000, 0x00000000c8000000, 0x00000000eab00000)
  object space 131072K, 0% used [0x00000000c0000000,0x00000000c0006000,0x00000000c8000000)
 Metaspace       used 11088K, capacity 11364K, committed 11648K, reserved 1058816K
  class space    used 1461K, capacity 1574K, committed 1664K, reserved 1048576K
}
Event: 7.458 GC heap before
{Heap before GC invocations=3 (full 0):
 PSYoungGen      total 57344K, used 55165K [0x00000000eab00000, 0x00000000eeb00000, 0x0000000100000000)
  eden space 49152K, 100% used [0x00000000eab00000,0x00000000edb00000,0x00000000edb00000)
  from space 8192K, 73% used [0x00000000ee300000,0x00000000ee8df7f0,0x00000000eeb00000)
  to   space 8192K, 0% used [0x00000000edb00000,0x00000000edb00000,0x00000000ee300000)
 ParOldGen       total 131072K, used 24K [0x00000000c0000000, 0x00000000c8000000, 0x00000000eab00000)
  object space 131072K, 0% used [0x00000000c0000000,0x00000000c0006000,0x00000000c8000000)
 Metaspace       used 16497K, capacity 16988K, committed 17280K, reserved 1064960K
  class space    used 2191K, capacity 2336K, committed 2432K, reserved 1048576K
Event: 7.504 GC heap after
Heap after GC invocations=3 (full 0):
 PSYoungGen      total 57344K, used 8177K [0x00000000eab00000, 0x00000000f1b00000, 0x0000000100000000)
  eden space 49152K, 0% used [0x00000000eab00000,0x00000000eab00000,0x00000000edb00000)
  from space 8192K, 99% used [0x00000000edb00000,0x00000000ee2fc798,0x00000000ee300000)
  to   space 8192K, 0% used [0x00000000f1300000,0x00000000f1300000,0x00000000f1b00000)
 ParOldGen       total 131072K, used 904K [0x00000000c0000000, 0x00000000c8000000, 0x00000000eab00000)
  object space 131072K, 0% used [0x00000000c0000000,0x00000000c00e2230,0x00000000c8000000)
 Metaspace       used 16497K, capacity 16988K, committed 17280K, reserved 1064960K
  class space    used 2191K, capacity 2336K, committed 2432K, reserved 1048576K
}

Deoptimization events (10 events):
Event: 6.740 Thread 0x0000000016ce3800 Uncommon trap: reason=bimorphic action=maybe_recompile pc=0x0000000002f78974 method=java.util.regex.Matcher.match(II)Z @ 86
Event: 6.810 Thread 0x0000000016ce3800 Uncommon trap: reason=bimorphic action=maybe_recompile pc=0x0000000002f78974 method=java.util.regex.Matcher.match(II)Z @ 86
Event: 6.991 Thread 0x0000000016ce3800 Uncommon trap: reason=unstable_if action=reinterpret pc=0x0000000002d72b8c method=java.io.File.getName()Ljava/lang/String; @ 16
Event: 6.991 Thread 0x0000000016ce3800 Uncommon trap: reason=unstable_if action=reinterpret pc=0x0000000002d7215c method=java.lang.String.substring(I)Ljava/lang/String; @ 35
Event: 8.102 Thread 0x0000000016ce3800 Uncommon trap: reason=unstable_if action=reinterpret pc=0x0000000002d74430 method=java.util.LinkedHashMap.afterNodeInsertion(Z)V @ 1
Event: 8.106 Thread 0x0000000016ce3800 Uncommon trap: reason=unstable_if action=reinterpret pc=0x0000000002cce77c method=java.util.HashMap.getNode(ILjava/lang/Object;)Ljava/util/HashMap$Node; @ 129
Event: 8.106 Thread 0x0000000016ce3800 Uncommon trap: reason=bimorphic action=maybe_recompile pc=0x0000000002f38020 method=java.util.HashMap.putVal(ILjava/lang/Object;Ljava/lang/Object;ZZ)Ljava/lang/Object; @ 203
Event: 8.114 Thread 0x0000000016ce3800 Uncommon trap: reason=unstable_if action=reinterpret pc=0x0000000002ca0650 method=java.util.HashMap.getNode(ILjava/lang/Object;)Ljava/util/HashMap$Node; @ 129
Event: 8.115 Thread 0x0000000016ce3800 Uncommon trap: reason=bimorphic action=maybe_recompile pc=0x0000000002f38020 method=java.util.HashMap.putVal(ILjava/lang/Object;Ljava/lang/Object;ZZ)Ljava/lang/Object; @ 203
Event: 8.116 Thread 0x0000000016ce3800 Uncommon trap: reason=bimorphic action=maybe_recompile pc=0x0000000002f3b040 method=java.util.HashMap.putVal(ILjava/lang/Object;Ljava/lang/Object;ZZ)Ljava/lang/Object; @ 203

Classes redefined (0 events):
No events

Internal exceptions (10 events):
Event: 5.678 Thread 0x0000000016fa3000 Exception <a 'java/lang/NoSuchMethodError': <clinit>> (0x00000000eaea2df8) thrown at [C:\src\AOSP-openjdk-git\hotspot\src\share\vm\prims\jni.cpp, line 1615]
Event: 5.684 Thread 0x0000000016fa3000 Exception <a 'java/lang/NoSuchMethodError': <clinit>> (0x00000000eaeb7460) thrown at [C:\src\AOSP-openjdk-git\hotspot\src\share\vm\prims\jni.cpp, line 1615]
Event: 5.721 Thread 0x0000000016fa3000 Exception <a 'java/lang/NoSuchMethodError': <clinit>> (0x00000000eaf74630) thrown at [C:\src\AOSP-openjdk-git\hotspot\src\share\vm\prims\jni.cpp, line 1615]
Event: 5.749 Thread 0x0000000016fa3000 Exception <a 'java/lang/NoSuchMethodError': <clinit>> (0x00000000eafaeaf8) thrown at [C:\src\AOSP-openjdk-git\hotspot\src\share\vm\prims\jni.cpp, line 1615]
Event: 5.771 Thread 0x0000000016fa3000 Exception <a 'java/lang/NoSuchMethodError': <clinit>> (0x00000000eafe4af0) thrown at [C:\src\AOSP-openjdk-git\hotspot\src\share\vm\prims\jni.cpp, line 1615]
Event: 5.779 Thread 0x0000000016fa3000 Exception <a 'java/lang/NoSuchMethodError': <clinit>> (0x00000000eaff1050) thrown at [C:\src\AOSP-openjdk-git\hotspot\src\share\vm\prims\jni.cpp, line 1615]
Event: 7.170 Thread 0x0000000016ce3800 Exception <a 'java/lang/NoSuchMethodError': java.lang.Object.lambda$and$0(Ljava/util/function/Predicate;Ljava/lang/Object;)Z> (0x00000000ed46cc08) thrown at [C:\src\AOSP-openjdk-git\hotspot\src\share\vm\interpreter\linkResolver.cpp, line 620]
Event: 7.188 Thread 0x0000000016ce3800 Exception <a 'java/lang/IncompatibleClassChangeError': Found class java.lang.Object, but interface was expected> (0x00000000ed47cf00) thrown at [C:\src\AOSP-openjdk-git\hotspot\src\share\vm\interpreter\linkResolver.cpp, line 653]
Event: 7.194 Thread 0x0000000016ce3800 Exception <a 'java/lang/NoSuchMethodError': java.lang.Object.lambda$or$2(Ljava/util/function/Predicate;Ljava/lang/Object;)Z> (0x00000000ed481a50) thrown at [C:\src\AOSP-openjdk-git\hotspot\src\share\vm\interpreter\linkResolver.cpp, line 620]
Event: 8.315 Thread 0x0000000016ce3800 Exception <a 'java/lang/NoSuchMethodError': java.lang.Object.lambda$static$0(Lorg/gradle/internal/state/ModelObject;)Ljava/lang/String;> (0x00000000ebc40a80) thrown at [C:\src\AOSP-openjdk-git\hotspot\src\share\vm\interpreter\linkResolver.cpp, line 620]

Events (10 events):
Event: 8.427 loading class com/google/common/base/Splitter$1$1
Event: 8.427 loading class com/google/common/base/Splitter$1$1 done
Event: 8.429 loading class com/google/common/base/AbstractIterator$State
Event: 8.429 loading class com/google/common/base/AbstractIterator$State done
Event: 8.431 loading class com/google/common/base/AbstractIterator$1
Event: 8.431 loading class com/google/common/base/AbstractIterator$1 done
Event: 8.487 loading class org/codehaus/groovy/control/MultipleCompilationErrorsException
Event: 8.487 loading class org/codehaus/groovy/control/MultipleCompilationErrorsException done
Event: 8.498 loading class org/codehaus/groovy/control/CompilationFailedException
Event: 8.498 loading class org/codehaus/groovy/control/CompilationFailedException done


Dynamic libraries:
0x00007ff7c0220000 - 0x00007ff7c0251000 	C:\Program Files\Android\Android Studio\jre\bin\java.exe
0x00007ff885360000 - 0x00007ff88550d000 	C:\Windows\SYSTEM32\ntdll.dll
0x00007ff884750000 - 0x00007ff88488e000 	C:\Windows\system32\KERNEL32.DLL
0x00007ff8828d0000 - 0x00007ff8829e6000 	C:\Windows\system32\KERNELBASE.dll
0x00007ff8842d0000 - 0x00007ff88437a000 	C:\Windows\system32\ADVAPI32.dll
0x00007ff885040000 - 0x00007ff8851b7000 	C:\Windows\system32\USER32.dll
0x00007ff880450000 - 0x00007ff8806ca000 	C:\Windows\WinSxS\amd64_microsoft.windows.common-controls_6595b64144ccf1df_6.0.9600.17810_none_6240b9c7ecbd0bda\COMCTL32.dll
0x00007ff884ed0000 - 0x00007ff884f7a000 	C:\Windows\system32\msvcrt.dll
0x00007ff884f80000 - 0x00007ff884fd9000 	C:\Windows\SYSTEM32\sechost.dll
0x00007ff884bb0000 - 0x00007ff884cf0000 	C:\Windows\system32\RPCRT4.dll
0x00007ff884890000 - 0x00007ff8849dc000 	C:\Windows\system32\GDI32.dll
0x00007ff8827f0000 - 0x00007ff88281e000 	C:\Windows\system32\SspiCli.dll
0x00007ff884db0000 - 0x00007ff884de6000 	C:\Windows\system32\IMM32.DLL
0x00007ff882c40000 - 0x00007ff882d91000 	C:\Windows\system32\MSCTF.dll
0x000000005d350000 - 0x000000005d422000 	C:\Program Files\Android\Android Studio\jre\jre\bin\msvcr100.dll
0x000000005d510000 - 0x000000005dd5b000 	C:\Program Files\Android\Android Studio\jre\jre\bin\server\jvm.dll
0x00007ff880010000 - 0x00007ff880019000 	C:\Windows\SYSTEM32\WSOCK32.dll
0x00007ff8800b0000 - 0x00007ff8800d2000 	C:\Windows\SYSTEM32\WINMM.dll
0x00007ff880110000 - 0x00007ff88011a000 	C:\Windows\SYSTEM32\VERSION.dll
0x00007ff884ec0000 - 0x00007ff884ec7000 	C:\Windows\system32\PSAPI.DLL
0x00007ff884380000 - 0x00007ff8843da000 	C:\Windows\system32\WS2_32.dll
0x00007ff87fef0000 - 0x00007ff87ff1a000 	C:\Windows\SYSTEM32\WINMMBASE.dll
0x00007ff884440000 - 0x00007ff884449000 	C:\Windows\system32\NSI.dll
0x00007ff8825c0000 - 0x00007ff88260f000 	C:\Windows\SYSTEM32\cfgmgr32.dll
0x00007ff8812d0000 - 0x00007ff8812f8000 	C:\Windows\SYSTEM32\DEVOBJ.dll
0x00007ff87ebc0000 - 0x00007ff87ebcf000 	C:\Program Files\Android\Android Studio\jre\jre\bin\verify.dll
0x00007ff87eb90000 - 0x00007ff87ebb9000 	C:\Program Files\Android\Android Studio\jre\jre\bin\java.dll
0x00007ff87eb70000 - 0x00007ff87eb86000 	C:\Program Files\Android\Android Studio\jre\jre\bin\zip.dll
0x00007ff882da0000 - 0x00007ff8842cb000 	C:\Windows\system32\SHELL32.dll
0x00007ff884470000 - 0x00007ff884680000 	C:\Windows\SYSTEM32\combase.dll
0x00007ff884fe0000 - 0x00007ff885034000 	C:\Windows\system32\SHLWAPI.dll
0x00007ff880a20000 - 0x00007ff880ad2000 	C:\Windows\SYSTEM32\SHCORE.dll
0x00007ff882490000 - 0x00007ff8824a5000 	C:\Windows\SYSTEM32\profapi.dll
0x00007ff87eb50000 - 0x00007ff87eb6a000 	C:\Program Files\Android\Android Studio\jre\jre\bin\net.dll
0x00007ff881d20000 - 0x00007ff881d79000 	C:\Windows\system32\mswsock.dll
0x00007ff87cc30000 - 0x00007ff87cc43000 	C:\Program Files\Android\Android Studio\jre\jre\bin\nio.dll
0x00007ff87faa0000 - 0x00007ff87fac7000 	C:\Users\Ashish PC\.gradle\native\f6784746aeab05261644944871eae4fe03e0ef1612fff0a4a95f87b438bc6780\windows-amd64\native-platform.dll
0x00007ff87e4b0000 - 0x00007ff87e4bd000 	C:\Program Files\Android\Android Studio\jre\jre\bin\management.dll
0x00007ff881da0000 - 0x00007ff881dc0000 	C:\Windows\SYSTEM32\CRYPTSP.dll
0x00007ff8819a0000 - 0x00007ff8819d6000 	C:\Windows\system32\rsaenh.dll
0x00007ff882040000 - 0x00007ff882066000 	C:\Windows\SYSTEM32\bcrypt.dll
0x00007ff881ab0000 - 0x00007ff881ad1000 	C:\Windows\SYSTEM32\USERENV.dll
0x00007ff882360000 - 0x00007ff8823c3000 	C:\Windows\system32\bcryptprimitives.dll
0x00007ff8823d0000 - 0x00007ff8823db000 	C:\Windows\SYSTEM32\CRYPTBASE.dll
0x00007ff87c1c0000 - 0x00007ff87c1ea000 	C:\Windows\SYSTEM32\IPHLPAPI.DLL
0x00007ff87c150000 - 0x00007ff87c15a000 	C:\Windows\SYSTEM32\WINNSI.DLL
0x00007ff87be30000 - 0x00007ff87be46000 	C:\Windows\SYSTEM32\dhcpcsvc6.DLL
0x00007ff87be60000 - 0x00007ff87be7a000 	C:\Windows\SYSTEM32\dhcpcsvc.DLL

VM Arguments:
jvm_args: -Xmx1024m -Dfile.encoding=windows-1252 -Duser.country=US -Duser.language=en -Duser.variant 
java_command: org.gradle.launcher.daemon.bootstrap.GradleDaemon 6.5
java_class_path (initial): C:\Users\Ashish PC\.gradle\wrapper\dists\gradle-6.5-all\2oz4ud9k3tuxjg84bbf55q0tn\gradle-6.5\lib\gradle-launcher-6.5.jar
Launcher Type: SUN_STANDARD

Environment Variables:
PATH=E:\tc\android-sdk-windows\platform-tools;C:\ProgramData\Oracle\Java\javapath;C:\Windows\system32;C:\Windows;C:\Windows\System32\Wbem;C:\Windows\System32\WindowsPowerShell\v1.0\;C:\Program Files\PuTTY\;C:\Program Files\Git\cmd;C:\Program Files\Git\mingw64\bin;C:\Program Files\Git\usr\bin
USERNAME=Ashish PC
OS=Windows_NT
PROCESSOR_IDENTIFIER=Intel64 Family 6 Model 69 Stepping 1, GenuineIntel



---------------  S Y S T E M  ---------------

OS: Windows 8.1 , 64 bit Build 9600 (6.3.9600.17415)

CPU:total 4 (initial active 4) (2 cores per cpu, 2 threads per core) family 6 model 69 stepping 1, cmov, cx8, fxsr, mmx, sse, sse2, sse3, ssse3, sse4.1, sse4.2, popcnt, avx, avx2, aes, clmul, erms, lzcnt, ht, tsc, tscinvbit, bmi1, bmi2

Memory: 4k page, physical 12517676k(1039852k free), swap 15663404k(5120k free)

vm_info: OpenJDK 64-Bit Server VM (25.242-b01) for windows-amd64 JRE (1.8.0_242-release-1644-b01), built by "builder" with MS VC++ 10.0 (VS2010)

time: Sat Jan 30 17:14:59 2021
timezone: India Standard Time
elapsed time: 8 seconds (0d 0h 0m 8s)

